[1/3] Prisma generate
Environment variables loaded from .env
Prisma schema loaded from prisma\schema.prisma

Γ£ö Generated Prisma Client (v5.22.0) to .\node_modules\@prisma\client in 308ms

Start by importing your Prisma Client (See: https://pris.ly/d/importing-client)

Tip: Easily identify and fix slow SQL queries in your app. Optimize helps you enhance your visibility: https://pris.ly/--optimize

[2/3] Sync test schema (prisma db push)
Environment variables loaded from .env
Prisma schema loaded from prisma\schema.prisma
Datasource "db": PostgreSQL database "neondb", schema "public" at "ep-fancy-salad-a8rslak2-pooler.eastus2.azure.neon.tech"

Your database is now in sync with your Prisma schema. Done in 13.44s

Running generate... (Use --skip-generate to skip the generators)
[2K[1A[2K[GRunning generate... - Prisma Client
[2K[1A[2K[GΓ£ö Generated Prisma Client (v5.22.0) to .\node_modules\@prisma\client in 284ms

[3/3] Run Phase 8 integration tests
PASS __tests__/integration/security-status.integration.test.ts (17.266 s)
  Security status integration
    ΓêÜ returns security posture with unknown/unavailable clarity and persists snapshot (1209 ms)
    ΓêÜ returns security events and key rotations for manager (1966 ms)
    ΓêÜ allows ADMIN key rotation logging and blocks MANAGER for rotate endpoint (4374 ms)

PASS __tests__/integration/health.integration.test.ts
  Health endpoint integration
    ΓêÜ returns /api/health with database, redis, and security checks (2183 ms)

Test Suites: 2 passed, 2 total
Tests:       4 passed, 4 total
Snapshots:   0 total
Time:        20.346 s, estimated 22 s
Ran all test suites matching /__tests__\\integration\\health.integration.test.ts|__tests__\\integration\\security-status.integration.test.ts/i.
Jest did not exit one second after the test run has completed.

'This usually means that there are asynchronous operations that weren't stopped in your tests. Consider running Jest with `--detectOpenHandles` to troubleshoot this issue.
